Сборка начата 17.05.2016 9:23:50.
     1>Проект "C:\Users\admin\Documents\Visual Studio 2013\Projects\Проект3\Проект3\Проект3.vcxproj" в узле 2 (целевые объекты Build).
     1>C:\Program Files (x86)\MSBuild\Microsoft.Cpp\v4.0\V120\Microsoft.CppBuild.targets(381,5): warning MSB8028: The intermediate directory (Debug\) contains files shared from another project (Проект3.vcxproj).  This can lead to incorrect clean and rebuild behavior.
     1>ClCompile:
         C:\Program Files (x86)\Microsoft Visual Studio 12.0\VC\bin\CL.exe /c /I"D:\SFML-2.2\include" /ZI /nologo /W3 /WX- /sdl /Od /Oy- /D SFML_DYNAMIC /D _UNICODE /D UNICODE /Gm /EHsc /RTC1 /MDd /GS /fp:precise /Zc:wchar_t /Zc:forScope /Fo"Debug\\" /Fd"Debug\vc120.pdb" /Gd /TP /analyze- /errorReport:prompt main.cpp
         main.cpp
     1>c:\users\admin\documents\visual studio 2013\projects\проект3\проект3\view.h(22): warning C4244: аргумент: преобразование "double" в "float", возможна потеря данных
     1>c:\users\admin\documents\visual studio 2013\projects\проект3\проект3\view.h(26): warning C4244: аргумент: преобразование "double" в "float", возможна потеря данных
     1>c:\users\admin\documents\visual studio 2013\projects\проект3\проект3\view.h(30): warning C4244: аргумент: преобразование "double" в "float", возможна потеря данных
     1>c:\users\admin\documents\visual studio 2013\projects\проект3\проект3\view.h(33): warning C4244: аргумент: преобразование "double" в "float", возможна потеря данных
     1>c:\users\admin\documents\visual studio 2013\projects\проект3\проект3\main.cpp(26): warning C4244: аргумент: преобразование "float" в "int", возможна потеря данных
     1>c:\users\admin\documents\visual studio 2013\projects\проект3\проект3\main.cpp(57): warning C4244: инициализация: преобразование "sf::Int64" в "float", возможна потеря данных
     1>c:\users\admin\documents\visual studio 2013\projects\проект3\проект3\main.cpp(71): warning C4305: =: усечение из "double" к "float"
     1>c:\users\admin\documents\visual studio 2013\projects\проект3\проект3\main.cpp(72): warning C4244: +=: преобразование "double" в "float", возможна потеря данных
     1>c:\users\admin\documents\visual studio 2013\projects\проект3\проект3\main.cpp(78): warning C4305: =: усечение из "double" к "float"
     1>c:\users\admin\documents\visual studio 2013\projects\проект3\проект3\main.cpp(79): warning C4244: +=: преобразование "double" в "float", возможна потеря данных
     1>c:\users\admin\documents\visual studio 2013\projects\проект3\проект3\main.cpp(84): warning C4305: =: усечение из "double" к "float"
     1>c:\users\admin\documents\visual studio 2013\projects\проект3\проект3\main.cpp(85): warning C4244: +=: преобразование "double" в "float", возможна потеря данных
     1>c:\users\admin\documents\visual studio 2013\projects\проект3\проект3\main.cpp(90): warning C4305: =: усечение из "double" к "float"
     1>c:\users\admin\documents\visual studio 2013\projects\проект3\проект3\main.cpp(91): warning C4244: +=: преобразование "double" в "float", возможна потеря данных
       Link:
         C:\Program Files (x86)\Microsoft Visual Studio 12.0\VC\bin\link.exe /ERRORREPORT:PROMPT /OUT:"C:\Users\admin\Documents\Visual Studio 2013\Projects\Проект3\Debug\Chris Jumper.exe" /INCREMENTAL /NOLOGO /LIBPATH:"D:\SFML-2.2\lib" "sfml-graphics-d.lib" "sfml-window-d.lib" "sfml-system-d.lib" "sfml-audio-d.lib" kernel32.lib user32.lib gdi32.lib winspool.lib comdlg32.lib advapi32.lib shell32.lib ole32.lib oleaut32.lib uuid.lib odbc32.lib odbccp32.lib /MANIFEST /MANIFESTUAC:"level='asInvoker' uiAccess='false'" /manifest:embed /DEBUG /PDB:"C:\Users\admin\Documents\Visual Studio 2013\Projects\Проект3\Debug\Chris Jumper.pdb" /TLBID:1 /DYNAMICBASE /NXCOMPAT /IMPLIB:"C:\Users\admin\Documents\Visual Studio 2013\Projects\Проект3\Debug\Chris Jumper.lib" /MACHINE:X86 Debug\main.obj
         Проект3.vcxproj -> C:\Users\admin\Documents\Visual Studio 2013\Projects\Проект3\Debug\Chris Jumper.exe
     1>Сборка проекта "C:\Users\admin\Documents\Visual Studio 2013\Projects\Проект3\Проект3\Проект3.vcxproj" завершена (целевые объекты Build).

Сборка успешно завершена.

Затраченное время: 00:00:02.24
